1657190214186	geckodriver	INFO	Listening on 127.0.0.1:51363
1657190217230	mozrunner::runner	INFO	Running command: "C:\\Program Files\\Mozilla Firefox\\firefox.exe" "--marionette" "--no-sandbox" "--disable-gpu" "start-maximized" "disable-infobars" "-no-remote" "-profile" "C:\\Users\\ihunn\\AppData\\Local\\Temp\\rust_mozprofileoKfGGh"
1657190218189	Marionette	INFO	Marionette enabled
1657190218198	Marionette	INFO	Listening on port 51375
Read port: 51375
1657190218327	RemoteAgent	WARN	TLS certificate errors will be ignored for this session
console.warn: SearchSettings: "get: No settings file exists, new profile?" (new NotFoundError("Could not open the file at C:\\Users\\ihunn\\AppData\\Local\\Temp\\rust_mozprofileoKfGGh\\search.json.mozlz4", (void 0)))
JavaScript error: chrome://remote/content/marionette/driver.js, line 2178: NS_ERROR_ILLEGAL_VALUE: Component returned failure code: 0x80070057 (NS_ERROR_ILLEGAL_VALUE) [nsIObserverService.removeObserver]
1657190340106	geckodriver	INFO	Listening on 127.0.0.1:51524
1657190343146	mozrunner::runner	INFO	Running command: "C:\\Program Files\\Mozilla Firefox\\firefox.exe" "--marionette" "-no-remote" "-profile" "C:\\Users\\ihunn\\AppData\\Local\\Temp\\rust_mozprofilew4o3Qr"
1657190344176	Marionette	INFO	Marionette enabled
1657190344182	Marionette	INFO	Listening on port 51536
Read port: 51536
1657190345221	RemoteAgent	WARN	TLS certificate errors will be ignored for this session
JavaScript error: chrome://browser/content/tabbrowser.js, line 5320: TypeError: this.PictureInPicture is undefined
console.warn: SearchSettings: "get: No settings file exists, new profile?" (new NotFoundError("Could not open the file at C:\\Users\\ihunn\\AppData\\Local\\Temp\\rust_mozprofilew4o3Qr\\search.json.mozlz4", (void 0)))
JavaScript error: resource:///modules/CustomizableUI.jsm, line 4110: Error: Area not yet restored
JavaScript warning: https://static.olx.ro/static/olxro/packed/swfa93cf858e48e2be2e0ff71cddec59b1.js, line 140: unreachable code after return statement
JavaScript warning: https://static.olx.ro/static/olxro/packed/swfa93cf858e48e2be2e0ff71cddec59b1.js, line 119: WEBGL_debug_renderer_info is deprecated in Firefox and will be removed. Please use RENDERER.
JavaScript warning: https://static.olx.ro/static/olxro/packed/swfa93cf858e48e2be2e0ff71cddec59b1.js, line 119: WebGL context was lost.
JavaScript error: https://apis.google.com/_/scs/abc-static/_/js/k=gapi.lb.en.dzXZWX9QTbE.O/m=plusone,signin2/rt=j/sv=1/d=1/ed=1/rs=AHpOoo_epIQDPHdjFr3MLkazUi2Jmy50dQ/cb=gapi.loaded_0?le=scs, line 697: uncaught exception: gapi.auth2.ExternallyVisibleError: Missing required parameter 'client_id'
JavaScript error: resource:///modules/CustomizableUI.jsm, line 4110: Error: Area not yet restored
JavaScript error: resource:///modules/CustomizableUI.jsm, line 4852: TypeError: aWindow.gNavToolbox.palette is undefined
1657190372169	Marionette	INFO	Stopped listening on port 51536
JavaScript error: chrome://remote/content/marionette/cert.js, line 55: NS_ERROR_NOT_AVAILABLE: Component returned failure code: 0x80040111 (NS_ERROR_NOT_AVAILABLE) [nsICertOverrideService.setDisableAllSecurityChecksAndLetAttackersInterceptMyData]
JavaScript error: resource://services-settings/Utils.jsm, line 237: TypeError: NetworkError: Network request failed
1657191201807	geckodriver	INFO	Listening on 127.0.0.1:55247
1657191204847	mozrunner::runner	INFO	Running command: "C:\\Program Files\\Mozilla Firefox\\firefox.exe" "--marionette" "-no-remote" "-profile" "C:\\Users\\ihunn\\AppData\\Local\\Temp\\rust_mozprofileC0P6f7"
1657191206293	Marionette	INFO	Marionette enabled
1657191206303	Marionette	INFO	Listening on port 55260
Read port: 55260
1657191206615	RemoteAgent	WARN	TLS certificate errors will be ignored for this session
console.warn: SearchSettings: "get: No settings file exists, new profile?" (new NotFoundError("Could not open the file at C:\\Users\\ihunn\\AppData\\Local\\Temp\\rust_mozprofileC0P6f7\\search.json.mozlz4", (void 0)))
JavaScript warning: https://static.olx.ro/static/olxro/packed/swfa93cf858e48e2be2e0ff71cddec59b1.js, line 140: unreachable code after return statement
JavaScript warning: https://static.olx.ro/static/olxro/packed/swfa93cf858e48e2be2e0ff71cddec59b1.js, line 119: WEBGL_debug_renderer_info is deprecated in Firefox and will be removed. Please use RENDERER.
JavaScript warning: https://static.olx.ro/static/olxro/packed/swfa93cf858e48e2be2e0ff71cddec59b1.js, line 119: WebGL context was lost.
JavaScript error: https://apis.google.com/_/scs/abc-static/_/js/k=gapi.lb.en.dzXZWX9QTbE.O/m=plusone,signin2/rt=j/sv=1/d=1/ed=1/rs=AHpOoo_epIQDPHdjFr3MLkazUi2Jmy50dQ/cb=gapi.loaded_0?le=scs, line 697: uncaught exception: gapi.auth2.ExternallyVisibleError: Missing required parameter 'client_id'
JavaScript warning: https://pagead2.googlesyndication.com/bg/jM248wiKq0YW9gJU5iyZLO601i5VwbJBYGHxrXeF70U.js line 2 > eval line 3288 > eval line 1 > eval line 1 > eval, line 1: WEBGL_debug_renderer_info is deprecated in Firefox and will be removed. Please use RENDERER.
JavaScript warning: https://pagead2.googlesyndication.com/bg/jM248wiKq0YW9gJU5iyZLO601i5VwbJBYGHxrXeF70U.js line 2 > eval line 7146 > eval line 1 > eval line 1 > eval, line 1: WEBGL_debug_renderer_info is deprecated in Firefox and will be removed. Please use RENDERER.
1657191312747	Marionette	INFO	Stopped listening on port 55260
JavaScript error: , line 0: TypeError: NetworkError when attempting to fetch resource.
JavaScript error: , line 0: TypeError: NetworkError when attempting to fetch resource.
[Parent 6092, IPC I/O Parent] WARNING: file /builds/worker/checkouts/gecko/ipc/chromium/src/base/process_util_win.cc:167
1657191350255	geckodriver	INFO	Listening on 127.0.0.1:56721
1657191353323	mozrunner::runner	INFO	Running command: "C:\\Program Files\\Mozilla Firefox\\firefox.exe" "--marionette" "-no-remote" "-profile" "C:\\Users\\ihunn\\AppData\\Local\\Temp\\rust_mozprofilenfeuPQ"
1657191354908	Marionette	INFO	Marionette enabled
1657191354922	Marionette	INFO	Listening on port 56741
Read port: 56741
1657191355095	RemoteAgent	WARN	TLS certificate errors will be ignored for this session
console.warn: SearchSettings: "get: No settings file exists, new profile?" (new NotFoundError("Could not open the file at C:\\Users\\ihunn\\AppData\\Local\\Temp\\rust_mozprofilenfeuPQ\\search.json.mozlz4", (void 0)))
JavaScript warning: https://static.olx.ro/static/olxro/packed/swfa93cf858e48e2be2e0ff71cddec59b1.js, line 140: unreachable code after return statement
JavaScript warning: https://static.olx.ro/static/olxro/packed/swfa93cf858e48e2be2e0ff71cddec59b1.js, line 119: WEBGL_debug_renderer_info is deprecated in Firefox and will be removed. Please use RENDERER.
JavaScript warning: https://static.olx.ro/static/olxro/packed/swfa93cf858e48e2be2e0ff71cddec59b1.js, line 119: WebGL context was lost.
JavaScript error: https://apis.google.com/_/scs/abc-static/_/js/k=gapi.lb.en.dzXZWX9QTbE.O/m=plusone,signin2/rt=j/sv=1/d=1/ed=1/rs=AHpOoo_epIQDPHdjFr3MLkazUi2Jmy50dQ/cb=gapi.loaded_0?le=scs, line 697: uncaught exception: gapi.auth2.ExternallyVisibleError: Missing required parameter 'client_id'
JavaScript error: , line 0: uncaught exception: undefined
1657191399687	Marionette	WARN	Ignoring event 'pageshow' because document has an invalid readyState of 'uninitialized'.
JavaScript warning: https://static.olx.ro/static/olxro/packed/swfa93cf858e48e2be2e0ff71cddec59b1.js, line 140: unreachable code after return statement
JavaScript error: https://apis.google.com/_/scs/abc-static/_/js/k=gapi.lb.en.dzXZWX9QTbE.O/m=plusone,signin2/rt=j/sv=1/d=1/ed=1/rs=AHpOoo_epIQDPHdjFr3MLkazUi2Jmy50dQ/cb=gapi.loaded_0?le=scs, line 697: uncaught exception: gapi.auth2.ExternallyVisibleError: Missing required parameter 'client_id'
JavaScript warning: https://pagead2.googlesyndication.com/bg/jM248wiKq0YW9gJU5iyZLO601i5VwbJBYGHxrXeF70U.js line 2 > eval line 6433 > eval line 1 > eval line 1 > eval, line 1: WEBGL_debug_renderer_info is deprecated in Firefox and will be removed. Please use RENDERER.
JavaScript warning: https://pagead2.googlesyndication.com/bg/jM248wiKq0YW9gJU5iyZLO601i5VwbJBYGHxrXeF70U.js line 2 > eval line 5763 > eval line 1 > eval line 1 > eval, line 1: WEBGL_debug_renderer_info is deprecated in Firefox and will be removed. Please use RENDERER.
JavaScript error: , line 0: TypeError: NetworkError when attempting to fetch resource.
JavaScript warning: https://static.olx.ro/static/olxro/packed/swfa93cf858e48e2be2e0ff71cddec59b1.js, line 140: unreachable code after return statement
JavaScript warning: https://pagead2.googlesyndication.com/bg/jM248wiKq0YW9gJU5iyZLO601i5VwbJBYGHxrXeF70U.js line 2 > eval line 891 > eval line 1 > eval line 1 > eval, line 1: WEBGL_debug_renderer_info is deprecated in Firefox and will be removed. Please use RENDERER.
console.warn: LoginRecipes: "getRecipes: falling back to a synchronous message for:" "https://www.olx.ro"
